<?xml version="1.0" encoding="UTF-8"?>
<coverage generated="1521332668064" clover="3.2.0">
  <project timestamp="1521332668065" name="All files">
    <metrics statements="95" coveredstatements="40" conditionals="60" coveredconditionals="12" methods="31" coveredmethods="9" elements="186" coveredelements="61" complexity="0" loc="95" ncloc="95" packages="5" files="11" classes="11">
      <package name="src">
        <metrics statements="7" coveredstatements="0" conditionals="6" coveredconditionals="0" methods="2" coveredmethods="0"/>
        <file name="App.vue" path="/frontend/src/App.vue">
          <metrics statements="7" coveredstatements="0" conditionals="6" coveredconditionals="0" methods="2" coveredmethods="0"/>
          <line num="1" count="0" type="stmt"/>
          <line num="4" count="0" type="stmt"/>
          <line num="14" count="0" type="stmt"/>
          <line num="18" count="0" type="cond" truecount="0" falsecount="2"/>
          <line num="19" count="0" type="cond" truecount="0" falsecount="2"/>
          <line num="20" count="0" type="cond" truecount="0" falsecount="2"/>
          <line num="21" count="0" type="stmt"/>
        </file>
      </package>
      <package name="src.components">
        <metrics statements="55" coveredstatements="7" conditionals="44" coveredconditionals="2" methods="21" coveredmethods="1"/>
        <file name="Game.vue" path="/frontend/src/components/Game.vue">
          <metrics statements="17" coveredstatements="0" conditionals="14" coveredconditionals="0" methods="7" coveredmethods="0"/>
          <line num="1" count="0" type="stmt"/>
          <line num="4" count="0" type="stmt"/>
          <line num="8" count="0" type="stmt"/>
          <line num="10" count="0" type="stmt"/>
          <line num="12" count="0" type="stmt"/>
          <line num="14" count="0" type="stmt"/>
          <line num="16" count="0" type="stmt"/>
          <line num="18" count="0" type="stmt"/>
          <line num="20" count="0" type="cond" truecount="0" falsecount="4"/>
          <line num="22" count="0" type="stmt"/>
          <line num="31" count="0" type="stmt"/>
          <line num="35" count="0" type="stmt"/>
          <line num="39" count="0" type="stmt"/>
          <line num="54" count="0" type="cond" truecount="0" falsecount="2"/>
          <line num="55" count="0" type="cond" truecount="0" falsecount="2"/>
          <line num="56" count="0" type="cond" truecount="0" falsecount="4"/>
          <line num="57" count="0" type="cond" truecount="0" falsecount="2"/>
        </file>
        <file name="GameOver.vue" path="/frontend/src/components/GameOver.vue">
          <metrics statements="2" coveredstatements="2" conditionals="0" coveredconditionals="0" methods="1" coveredmethods="1"/>
          <line num="29" count="1" type="stmt"/>
          <line num="38" count="1" type="stmt"/>
        </file>
        <file name="Hangman.vue" path="/frontend/src/components/Hangman.vue">
          <metrics statements="15" coveredstatements="0" conditionals="10" coveredconditionals="0" methods="6" coveredmethods="0"/>
          <line num="1" count="0" type="stmt"/>
          <line num="4" count="0" type="stmt"/>
          <line num="8" count="0" type="stmt"/>
          <line num="10" count="0" type="stmt"/>
          <line num="12" count="0" type="stmt"/>
          <line num="14" count="0" type="stmt"/>
          <line num="16" count="0" type="cond" truecount="0" falsecount="4"/>
          <line num="35" count="0" type="stmt"/>
          <line num="43" count="0" type="stmt"/>
          <line num="44" count="0" type="stmt"/>
          <line num="46" count="0" type="stmt"/>
          <line num="51" count="0" type="cond" truecount="0" falsecount="2"/>
          <line num="52" count="0" type="cond" truecount="0" falsecount="2"/>
          <line num="53" count="0" type="cond" truecount="0" falsecount="2"/>
          <line num="54" count="0" type="stmt"/>
        </file>
        <file name="Home.vue" path="/frontend/src/components/Home.vue">
          <metrics statements="5" coveredstatements="0" conditionals="8" coveredconditionals="0" methods="3" coveredmethods="0"/>
          <line num="1" count="0" type="stmt"/>
          <line num="21" count="0" type="cond" truecount="0" falsecount="2"/>
          <line num="22" count="0" type="cond" truecount="0" falsecount="2"/>
          <line num="23" count="0" type="cond" truecount="0" falsecount="2"/>
          <line num="24" count="0" type="cond" truecount="0" falsecount="2"/>
        </file>
        <file name="Letter.vue" path="/frontend/src/components/Letter.vue">
          <metrics statements="4" coveredstatements="4" conditionals="2" coveredconditionals="2" methods="0" coveredmethods="0"/>
          <line num="18" count="2" type="stmt"/>
          <line num="22" count="2" type="stmt"/>
          <line num="24" count="2" type="stmt"/>
          <line num="29" count="8" type="cond" truecount="2" falsecount="0"/>
        </file>
        <file name="WonGame.vue" path="/frontend/src/components/WonGame.vue">
          <metrics statements="11" coveredstatements="0" conditionals="10" coveredconditionals="0" methods="4" coveredmethods="0"/>
          <line num="1" count="0" type="stmt"/>
          <line num="4" count="0" type="stmt"/>
          <line num="8" count="0" type="stmt"/>
          <line num="10" count="0" type="stmt"/>
          <line num="12" count="0" type="cond" truecount="0" falsecount="4"/>
          <line num="14" count="0" type="stmt"/>
          <line num="21" count="0" type="stmt"/>
          <line num="52" count="0" type="cond" truecount="0" falsecount="2"/>
          <line num="53" count="0" type="cond" truecount="0" falsecount="2"/>
          <line num="54" count="0" type="cond" truecount="0" falsecount="2"/>
          <line num="55" count="0" type="stmt"/>
        </file>
        <file name="Word.vue" path="/frontend/src/components/Word.vue">
          <metrics statements="1" coveredstatements="1" conditionals="0" coveredconditionals="0" methods="0" coveredmethods="0"/>
          <line num="11" count="1" type="stmt"/>
        </file>
      </package>
      <package name="src.components.adapters">
        <metrics statements="3" coveredstatements="3" conditionals="0" coveredconditionals="0" methods="1" coveredmethods="1"/>
        <file name="WordRequester.js" path="/frontend/src/components/adapters/WordRequester.js">
          <metrics statements="3" coveredstatements="3" conditionals="0" coveredconditionals="0" methods="1" coveredmethods="1"/>
          <line num="3" count="1" type="stmt"/>
          <line num="1533" count="1" type="stmt"/>
          <line num="1534" count="2" type="stmt"/>
        </file>
      </package>
      <package name="src.components.game">
        <metrics statements="15" coveredstatements="15" conditionals="4" coveredconditionals="4" methods="6" coveredmethods="6"/>
        <file name="Core.js" path="/frontend/src/components/game/Core.js">
          <metrics statements="15" coveredstatements="15" conditionals="4" coveredconditionals="4" methods="6" coveredmethods="6"/>
          <line num="2" count="2" type="stmt"/>
          <line num="4" count="2" type="stmt"/>
          <line num="5" count="6" type="stmt"/>
          <line num="7" count="6" type="stmt"/>
          <line num="8" count="34" type="cond" truecount="2" falsecount="0"/>
          <line num="12" count="2" type="stmt"/>
          <line num="13" count="5" type="stmt"/>
          <line num="15" count="19" type="stmt"/>
          <line num="18" count="2" type="stmt"/>
          <line num="19" count="2" type="stmt"/>
          <line num="22" count="2" type="stmt"/>
          <line num="23" count="5" type="stmt"/>
          <line num="25" count="5" type="cond" truecount="2" falsecount="0"/>
          <line num="26" count="1" type="stmt"/>
          <line num="28" count="4" type="stmt"/>
        </file>
      </package>
      <package name="src.components.store">
        <metrics statements="15" coveredstatements="15" conditionals="6" coveredconditionals="6" methods="1" coveredmethods="1"/>
        <file name="WordStore.js" path="/frontend/src/components/store/WordStore.js">
          <metrics statements="15" coveredstatements="15" conditionals="6" coveredconditionals="6" methods="1" coveredmethods="1"/>
          <line num="14" count="2" type="cond" truecount="2" falsecount="0"/>
          <line num="18" count="2" type="stmt"/>
          <line num="19" count="2" type="stmt"/>
          <line num="23" count="5" type="cond" truecount="2" falsecount="0"/>
          <line num="24" count="4" type="stmt"/>
          <line num="27" count="5" type="cond" truecount="2" falsecount="0"/>
          <line num="28" count="4" type="stmt"/>
          <line num="35" count="2" type="stmt"/>
          <line num="36" count="2" type="stmt"/>
          <line num="41" count="1" type="stmt"/>
          <line num="45" count="1" type="stmt"/>
          <line num="49" count="2" type="stmt"/>
          <line num="53" count="1" type="stmt"/>
          <line num="59" count="2" type="stmt"/>
          <line num="60" count="2" type="stmt"/>
        </file>
      </package>
    </metrics>
  </project>
</coverage>
