{"/frontend/src/App.vue": {"path":"/frontend/src/App.vue","statementMap":{"0":{"start":{"line":1,"column":1},"end":{"line":17,"column":4}},"1":{"start":{"line":4,"column":0},"end":{"line":6,"column":3}},"2":{"start":{"line":14,"column":0},"end":{"line":16,"column":2}},"3":{"start":{"line":18,"column":0},"end":{"line":18,"column":70}},"4":{"start":{"line":18,"column":31},"end":{"line":18,"column":70}},"5":{"start":{"line":19,"column":24},"end":{"line":19,"column":100}},"6":{"start":{"line":20,"column":0},"end":{"line":20,"column":169}},"7":{"start":{"line":20,"column":54},"end":{"line":20,"column":58}},"8":{"start":{"line":20,"column":66},"end":{"line":20,"column":84}},"9":{"start":{"line":20,"column":92},"end":{"line":20,"column":108}},"10":{"start":{"line":20,"column":109},"end":{"line":20,"column":168}},"11":{"start":{"line":21,"column":0},"end":{"line":21,"column":37}}},"fnMap":{"0":{"name":"(anonymous_0)","decl":{"start":{"line":1,"column":2},"end":{"line":1,"column":3}},"loc":{"start":{"line":1,"column":12},"end":{"line":17,"column":1}},"line":1},"1":{"name":"render","decl":{"start":{"line":20,"column":35},"end":{"line":20,"column":41}},"loc":{"start":{"line":20,"column":45},"end":{"line":20,"column":169}},"line":20}},"branchMap":{"0":{"loc":{"start":{"line":18,"column":0},"end":{"line":18,"column":70}},"type":"if","locations":[{"start":{"line":18,"column":0},"end":{"line":18,"column":70}},{"start":{"line":18,"column":0},"end":{"line":18,"column":70}}],"line":18},"1":{"loc":{"start":{"line":19,"column":24},"end":{"line":19,"column":100}},"type":"cond-expr","locations":[{"start":{"line":19,"column":62},"end":{"line":19,"column":84}},{"start":{"line":19,"column":86},"end":{"line":19,"column":100}}],"line":19},"2":{"loc":{"start":{"line":20,"column":92},"end":{"line":20,"column":108}},"type":"binary-expr","locations":[{"start":{"line":20,"column":92},"end":{"line":20,"column":104}},{"start":{"line":20,"column":106},"end":{"line":20,"column":108}}],"line":20}},"s":{"0":0,"1":0,"2":0,"3":0,"4":0,"5":0,"6":0,"7":0,"8":0,"9":0,"10":0,"11":0},"f":{"0":0,"1":0},"b":{"0":[0,0],"1":[0,0],"2":[0,0]}}
,"/frontend/src/components/Game.vue": {"path":"/frontend/src/components/Game.vue","statementMap":{"0":{"start":{"line":1,"column":1},"end":{"line":53,"column":4}},"1":{"start":{"line":4,"column":0},"end":{"line":6,"column":3}},"2":{"start":{"line":8,"column":15},"end":{"line":8,"column":46}},"3":{"start":{"line":10,"column":16},"end":{"line":10,"column":48}},"4":{"start":{"line":12,"column":16},"end":{"line":12,"column":48}},"5":{"start":{"line":14,"column":17},"end":{"line":14,"column":50}},"6":{"start":{"line":16,"column":15},"end":{"line":16,"column":46}},"7":{"start":{"line":18,"column":16},"end":{"line":18,"column":48}},"8":{"start":{"line":20,"column":39},"end":{"line":20,"column":93}},"9":{"start":{"line":22,"column":0},"end":{"line":41,"column":2}},"10":{"start":{"line":31,"column":6},"end":{"line":31,"column":41}},"11":{"start":{"line":35,"column":6},"end":{"line":35,"column":42}},"12":{"start":{"line":39,"column":4},"end":{"line":39,"column":40}},"13":{"start":{"line":54,"column":0},"end":{"line":54,"column":70}},"14":{"start":{"line":54,"column":31},"end":{"line":54,"column":70}},"15":{"start":{"line":55,"column":24},"end":{"line":55,"column":100}},"16":{"start":{"line":56,"column":0},"end":{"line":56,"column":538}},"17":{"start":{"line":56,"column":54},"end":{"line":56,"column":58}},"18":{"start":{"line":56,"column":66},"end":{"line":56,"column":84}},"19":{"start":{"line":56,"column":92},"end":{"line":56,"column":108}},"20":{"start":{"line":56,"column":109},"end":{"line":56,"column":537}},"21":{"start":{"line":57,"column":0},"end":{"line":57,"column":191}},"22":{"start":{"line":57,"column":64},"end":{"line":57,"column":68}},"23":{"start":{"line":57,"column":76},"end":{"line":57,"column":94}},"24":{"start":{"line":57,"column":102},"end":{"line":57,"column":118}},"25":{"start":{"line":57,"column":119},"end":{"line":57,"column":189}}},"fnMap":{"0":{"name":"(anonymous_0)","decl":{"start":{"line":1,"column":2},"end":{"line":1,"column":3}},"loc":{"start":{"line":1,"column":12},"end":{"line":53,"column":1}},"line":1},"1":{"name":"_interopRequireDefault","decl":{"start":{"line":20,"column":9},"end":{"line":20,"column":31}},"loc":{"start":{"line":20,"column":37},"end":{"line":20,"column":95}},"line":20},"2":{"name":"(anonymous_2)","decl":{"start":{"line":30,"column":13},"end":{"line":30,"column":14}},"loc":{"start":{"line":30,"column":25},"end":{"line":32,"column":5}},"line":30},"3":{"name":"(anonymous_3)","decl":{"start":{"line":34,"column":14},"end":{"line":34,"column":15}},"loc":{"start":{"line":34,"column":26},"end":{"line":36,"column":5}},"line":34},"4":{"name":"(anonymous_4)","decl":{"start":{"line":38,"column":11},"end":{"line":38,"column":12}},"loc":{"start":{"line":38,"column":23},"end":{"line":40,"column":3}},"line":38},"5":{"name":"render","decl":{"start":{"line":56,"column":35},"end":{"line":56,"column":41}},"loc":{"start":{"line":56,"column":45},"end":{"line":56,"column":538}},"line":56},"6":{"name":"render","decl":{"start":{"line":57,"column":45},"end":{"line":57,"column":51}},"loc":{"start":{"line":57,"column":55},"end":{"line":57,"column":190}},"line":57}},"branchMap":{"0":{"loc":{"start":{"line":20,"column":46},"end":{"line":20,"column":92}},"type":"cond-expr","locations":[{"start":{"line":20,"column":70},"end":{"line":20,"column":73}},{"start":{"line":20,"column":76},"end":{"line":20,"column":92}}],"line":20},"1":{"loc":{"start":{"line":20,"column":46},"end":{"line":20,"column":67}},"type":"binary-expr","locations":[{"start":{"line":20,"column":46},"end":{"line":20,"column":49}},{"start":{"line":20,"column":53},"end":{"line":20,"column":67}}],"line":20},"2":{"loc":{"start":{"line":54,"column":0},"end":{"line":54,"column":70}},"type":"if","locations":[{"start":{"line":54,"column":0},"end":{"line":54,"column":70}},{"start":{"line":54,"column":0},"end":{"line":54,"column":70}}],"line":54},"3":{"loc":{"start":{"line":55,"column":24},"end":{"line":55,"column":100}},"type":"cond-expr","locations":[{"start":{"line":55,"column":62},"end":{"line":55,"column":84}},{"start":{"line":55,"column":86},"end":{"line":55,"column":100}}],"line":55},"4":{"loc":{"start":{"line":56,"column":92},"end":{"line":56,"column":108}},"type":"binary-expr","locations":[{"start":{"line":56,"column":92},"end":{"line":56,"column":104}},{"start":{"line":56,"column":106},"end":{"line":56,"column":108}}],"line":56},"5":{"loc":{"start":{"line":56,"column":464},"end":{"line":56,"column":493}},"type":"binary-expr","locations":[{"start":{"line":56,"column":464},"end":{"line":56,"column":476}},{"start":{"line":56,"column":480},"end":{"line":56,"column":493}}],"line":56},"6":{"loc":{"start":{"line":57,"column":102},"end":{"line":57,"column":118}},"type":"binary-expr","locations":[{"start":{"line":57,"column":102},"end":{"line":57,"column":114}},{"start":{"line":57,"column":116},"end":{"line":57,"column":118}}],"line":57}},"s":{"0":0,"1":0,"2":0,"3":0,"4":0,"5":0,"6":0,"7":0,"8":0,"9":0,"10":0,"11":0,"12":0,"13":0,"14":0,"15":0,"16":0,"17":0,"18":0,"19":0,"20":0,"21":0,"22":0,"23":0,"24":0,"25":0},"f":{"0":0,"1":0,"2":0,"3":0,"4":0,"5":0,"6":0},"b":{"0":[0,0],"1":[0,0],"2":[0,0],"3":[0,0],"4":[0,0],"5":[0,0],"6":[0,0]}}
,"/frontend/src/components/GameOver.vue": {"path":"/frontend/src/components/GameOver.vue","statementMap":{"0":{"start":{"line":29,"column":0},"end":{"line":null,"column":-1}},"1":{"start":{"line":38,"column":0},"end":{"line":null,"column":-1}}},"fnMap":{"0":{"name":"(anonymous_2)","decl":{"start":{"line":37,"column":0},"end":{"line":null,"column":-1}},"loc":{"start":{"line":37,"column":0},"end":{"line":39,"column":0}}}},"branchMap":{},"s":{"0":1,"1":1},"f":{"0":1},"b":{}}
,"/frontend/src/components/Hangman.vue": {"path":"/frontend/src/components/Hangman.vue","statementMap":{"0":{"start":{"line":1,"column":1},"end":{"line":50,"column":4}},"1":{"start":{"line":4,"column":0},"end":{"line":6,"column":3}},"2":{"start":{"line":8,"column":14},"end":{"line":8,"column":44}},"3":{"start":{"line":10,"column":15},"end":{"line":10,"column":46}},"4":{"start":{"line":12,"column":12},"end":{"line":12,"column":40}},"5":{"start":{"line":14,"column":13},"end":{"line":14,"column":42}},"6":{"start":{"line":16,"column":39},"end":{"line":16,"column":93}},"7":{"start":{"line":35,"column":0},"end":{"line":49,"column":2}},"8":{"start":{"line":43,"column":24},"end":{"line":43,"column":41}},"9":{"start":{"line":44,"column":23},"end":{"line":44,"column":40}},"10":{"start":{"line":46,"column":6},"end":{"line":46,"column":121}},"11":{"start":{"line":46,"column":79},"end":{"line":46,"column":119}},"12":{"start":{"line":51,"column":0},"end":{"line":51,"column":70}},"13":{"start":{"line":51,"column":31},"end":{"line":51,"column":70}},"14":{"start":{"line":52,"column":24},"end":{"line":52,"column":100}},"15":{"start":{"line":53,"column":0},"end":{"line":53,"column":428}},"16":{"start":{"line":53,"column":54},"end":{"line":53,"column":58}},"17":{"start":{"line":53,"column":66},"end":{"line":53,"column":84}},"18":{"start":{"line":53,"column":92},"end":{"line":53,"column":108}},"19":{"start":{"line":53,"column":109},"end":{"line":53,"column":427}},"20":{"start":{"line":53,"column":364},"end":{"line":53,"column":420}},"21":{"start":{"line":54,"column":0},"end":{"line":54,"column":37}}},"fnMap":{"0":{"name":"(anonymous_0)","decl":{"start":{"line":1,"column":2},"end":{"line":1,"column":3}},"loc":{"start":{"line":1,"column":12},"end":{"line":50,"column":1}},"line":1},"1":{"name":"_interopRequireDefault","decl":{"start":{"line":16,"column":9},"end":{"line":16,"column":31}},"loc":{"start":{"line":16,"column":37},"end":{"line":16,"column":95}},"line":16},"2":{"name":"(anonymous_2)","decl":{"start":{"line":42,"column":14},"end":{"line":42,"column":15}},"loc":{"start":{"line":42,"column":26},"end":{"line":47,"column":5}},"line":42},"3":{"name":"(anonymous_3)","decl":{"start":{"line":46,"column":65},"end":{"line":46,"column":66}},"loc":{"start":{"line":46,"column":79},"end":{"line":46,"column":119}},"line":46},"4":{"name":"render","decl":{"start":{"line":53,"column":35},"end":{"line":53,"column":41}},"loc":{"start":{"line":53,"column":45},"end":{"line":53,"column":428}},"line":53},"5":{"name":"(anonymous_5)","decl":{"start":{"line":53,"column":347},"end":{"line":53,"column":348}},"loc":{"start":{"line":53,"column":363},"end":{"line":53,"column":421}},"line":53}},"branchMap":{"0":{"loc":{"start":{"line":16,"column":46},"end":{"line":16,"column":92}},"type":"cond-expr","locations":[{"start":{"line":16,"column":70},"end":{"line":16,"column":73}},{"start":{"line":16,"column":76},"end":{"line":16,"column":92}}],"line":16},"1":{"loc":{"start":{"line":16,"column":46},"end":{"line":16,"column":67}},"type":"binary-expr","locations":[{"start":{"line":16,"column":46},"end":{"line":16,"column":49}},{"start":{"line":16,"column":53},"end":{"line":16,"column":67}}],"line":16},"2":{"loc":{"start":{"line":51,"column":0},"end":{"line":51,"column":70}},"type":"if","locations":[{"start":{"line":51,"column":0},"end":{"line":51,"column":70}},{"start":{"line":51,"column":0},"end":{"line":51,"column":70}}],"line":51},"3":{"loc":{"start":{"line":52,"column":24},"end":{"line":52,"column":100}},"type":"cond-expr","locations":[{"start":{"line":52,"column":62},"end":{"line":52,"column":84}},{"start":{"line":52,"column":86},"end":{"line":52,"column":100}}],"line":52},"4":{"loc":{"start":{"line":53,"column":92},"end":{"line":53,"column":108}},"type":"binary-expr","locations":[{"start":{"line":53,"column":92},"end":{"line":53,"column":104}},{"start":{"line":53,"column":106},"end":{"line":53,"column":108}}],"line":53}},"s":{"0":0,"1":0,"2":0,"3":0,"4":0,"5":0,"6":0,"7":0,"8":0,"9":0,"10":0,"11":0,"12":0,"13":0,"14":0,"15":0,"16":0,"17":0,"18":0,"19":0,"20":0,"21":0},"f":{"0":0,"1":0,"2":0,"3":0,"4":0,"5":0},"b":{"0":[0,0],"1":[0,0],"2":[0,0],"3":[0,0],"4":[0,0]}}
,"/frontend/src/components/Home.vue": {"path":"/frontend/src/components/Home.vue","statementMap":{"0":{"start":{"line":1,"column":1},"end":{"line":20,"column":4}},"1":{"start":{"line":21,"column":0},"end":{"line":21,"column":70}},"2":{"start":{"line":21,"column":31},"end":{"line":21,"column":70}},"3":{"start":{"line":22,"column":24},"end":{"line":22,"column":100}},"4":{"start":{"line":23,"column":0},"end":{"line":23,"column":332}},"5":{"start":{"line":23,"column":54},"end":{"line":23,"column":58}},"6":{"start":{"line":23,"column":66},"end":{"line":23,"column":84}},"7":{"start":{"line":23,"column":92},"end":{"line":23,"column":108}},"8":{"start":{"line":23,"column":109},"end":{"line":23,"column":331}},"9":{"start":{"line":24,"column":0},"end":{"line":24,"column":308}},"10":{"start":{"line":24,"column":64},"end":{"line":24,"column":68}},"11":{"start":{"line":24,"column":76},"end":{"line":24,"column":94}},"12":{"start":{"line":24,"column":102},"end":{"line":24,"column":118}},"13":{"start":{"line":24,"column":119},"end":{"line":24,"column":306}}},"fnMap":{"0":{"name":"(anonymous_0)","decl":{"start":{"line":1,"column":2},"end":{"line":1,"column":3}},"loc":{"start":{"line":1,"column":12},"end":{"line":20,"column":1}},"line":1},"1":{"name":"render","decl":{"start":{"line":23,"column":35},"end":{"line":23,"column":41}},"loc":{"start":{"line":23,"column":45},"end":{"line":23,"column":332}},"line":23},"2":{"name":"render","decl":{"start":{"line":24,"column":45},"end":{"line":24,"column":51}},"loc":{"start":{"line":24,"column":55},"end":{"line":24,"column":307}},"line":24}},"branchMap":{"0":{"loc":{"start":{"line":21,"column":0},"end":{"line":21,"column":70}},"type":"if","locations":[{"start":{"line":21,"column":0},"end":{"line":21,"column":70}},{"start":{"line":21,"column":0},"end":{"line":21,"column":70}}],"line":21},"1":{"loc":{"start":{"line":22,"column":24},"end":{"line":22,"column":100}},"type":"cond-expr","locations":[{"start":{"line":22,"column":62},"end":{"line":22,"column":84}},{"start":{"line":22,"column":86},"end":{"line":22,"column":100}}],"line":22},"2":{"loc":{"start":{"line":23,"column":92},"end":{"line":23,"column":108}},"type":"binary-expr","locations":[{"start":{"line":23,"column":92},"end":{"line":23,"column":104}},{"start":{"line":23,"column":106},"end":{"line":23,"column":108}}],"line":23},"3":{"loc":{"start":{"line":24,"column":102},"end":{"line":24,"column":118}},"type":"binary-expr","locations":[{"start":{"line":24,"column":102},"end":{"line":24,"column":114}},{"start":{"line":24,"column":116},"end":{"line":24,"column":118}}],"line":24}},"s":{"0":0,"1":0,"2":0,"3":0,"4":0,"5":0,"6":0,"7":0,"8":0,"9":0,"10":0,"11":0,"12":0,"13":0},"f":{"0":0,"1":0,"2":0},"b":{"0":[0,0],"1":[0,0],"2":[0,0],"3":[0,0]}}
,"/frontend/src/components/Letter.vue": {"path":"/frontend/src/components/Letter.vue","statementMap":{"0":{"start":{"line":18,"column":0},"end":{"line":null,"column":-1}},"1":{"start":{"line":22,"column":0},"end":{"line":null,"column":-1}},"2":{"start":{"line":24,"column":0},"end":{"line":null,"column":-1}},"3":{"start":{"line":29,"column":0},"end":{"line":null,"column":-1}}},"fnMap":{},"branchMap":{"0":{"loc":{"start":{"line":29,"column":0},"end":{"line":null,"column":-1}},"type":"cond-expr","locations":[{"start":{"line":29,"column":0},"end":{"line":null,"column":-1}},{"start":{"line":29,"column":0},"end":{"line":null,"column":-1}}]}},"s":{"0":2,"1":2,"2":2,"3":8},"f":{},"b":{"0":[1,7]}}
,"/frontend/src/components/WonGame.vue": {"path":"/frontend/src/components/WonGame.vue","statementMap":{"0":{"start":{"line":1,"column":1},"end":{"line":51,"column":4}},"1":{"start":{"line":4,"column":0},"end":{"line":6,"column":3}},"2":{"start":{"line":8,"column":12},"end":{"line":8,"column":40}},"3":{"start":{"line":10,"column":13},"end":{"line":10,"column":42}},"4":{"start":{"line":12,"column":39},"end":{"line":12,"column":93}},"5":{"start":{"line":14,"column":0},"end":{"line":24,"column":2}},"6":{"start":{"line":21,"column":6},"end":{"line":21,"column":42}},"7":{"start":{"line":52,"column":0},"end":{"line":52,"column":70}},"8":{"start":{"line":52,"column":31},"end":{"line":52,"column":70}},"9":{"start":{"line":53,"column":24},"end":{"line":53,"column":100}},"10":{"start":{"line":54,"column":0},"end":{"line":54,"column":579}},"11":{"start":{"line":54,"column":54},"end":{"line":54,"column":58}},"12":{"start":{"line":54,"column":66},"end":{"line":54,"column":84}},"13":{"start":{"line":54,"column":92},"end":{"line":54,"column":108}},"14":{"start":{"line":54,"column":109},"end":{"line":54,"column":578}},"15":{"start":{"line":55,"column":0},"end":{"line":55,"column":37}}},"fnMap":{"0":{"name":"(anonymous_0)","decl":{"start":{"line":1,"column":2},"end":{"line":1,"column":3}},"loc":{"start":{"line":1,"column":12},"end":{"line":51,"column":1}},"line":1},"1":{"name":"_interopRequireDefault","decl":{"start":{"line":12,"column":9},"end":{"line":12,"column":31}},"loc":{"start":{"line":12,"column":37},"end":{"line":12,"column":95}},"line":12},"2":{"name":"(anonymous_2)","decl":{"start":{"line":20,"column":15},"end":{"line":20,"column":16}},"loc":{"start":{"line":20,"column":27},"end":{"line":22,"column":5}},"line":20},"3":{"name":"render","decl":{"start":{"line":54,"column":35},"end":{"line":54,"column":41}},"loc":{"start":{"line":54,"column":45},"end":{"line":54,"column":579}},"line":54}},"branchMap":{"0":{"loc":{"start":{"line":12,"column":46},"end":{"line":12,"column":92}},"type":"cond-expr","locations":[{"start":{"line":12,"column":70},"end":{"line":12,"column":73}},{"start":{"line":12,"column":76},"end":{"line":12,"column":92}}],"line":12},"1":{"loc":{"start":{"line":12,"column":46},"end":{"line":12,"column":67}},"type":"binary-expr","locations":[{"start":{"line":12,"column":46},"end":{"line":12,"column":49}},{"start":{"line":12,"column":53},"end":{"line":12,"column":67}}],"line":12},"2":{"loc":{"start":{"line":52,"column":0},"end":{"line":52,"column":70}},"type":"if","locations":[{"start":{"line":52,"column":0},"end":{"line":52,"column":70}},{"start":{"line":52,"column":0},"end":{"line":52,"column":70}}],"line":52},"3":{"loc":{"start":{"line":53,"column":24},"end":{"line":53,"column":100}},"type":"cond-expr","locations":[{"start":{"line":53,"column":62},"end":{"line":53,"column":84}},{"start":{"line":53,"column":86},"end":{"line":53,"column":100}}],"line":53},"4":{"loc":{"start":{"line":54,"column":92},"end":{"line":54,"column":108}},"type":"binary-expr","locations":[{"start":{"line":54,"column":92},"end":{"line":54,"column":104}},{"start":{"line":54,"column":106},"end":{"line":54,"column":108}}],"line":54}},"s":{"0":0,"1":0,"2":0,"3":0,"4":0,"5":0,"6":0,"7":0,"8":0,"9":0,"10":0,"11":0,"12":0,"13":0,"14":0,"15":0},"f":{"0":0,"1":0,"2":0,"3":0},"b":{"0":[0,0],"1":[0,0],"2":[0,0],"3":[0,0],"4":[0,0]}}
,"/frontend/src/components/Word.vue": {"path":"/frontend/src/components/Word.vue","statementMap":{"0":{"start":{"line":11,"column":0},"end":{"line":null,"column":-1}}},"fnMap":{},"branchMap":{},"s":{"0":1},"f":{},"b":{}}
,"/frontend/src/components/adapters/WordRequester.js": {"path":"/frontend/src/components/adapters/WordRequester.js","statementMap":{"0":{"start":{"line":3,"column":6},"end":{"line":3,"column":11}},"1":{"start":{"line":1533,"column":18},"end":{"line":1533,"column":0}},"2":{"start":{"line":1534,"column":2},"end":{"line":null,"column":-1}}},"fnMap":{"0":{"name":"(anonymous_0)","decl":{"start":{"line":1533,"column":18},"end":{"line":1533,"column":23}},"loc":{"start":{"line":1533,"column":24},"end":{"line":1533,"column":0}}}},"branchMap":{},"s":{"0":1,"1":1,"2":2},"f":{"0":2},"b":{}}
,"/frontend/src/components/game/Core.js": {"path":"/frontend/src/components/game/Core.js","statementMap":{"0":{"start":{"line":2,"column":6},"end":{"line":2,"column":26}},"1":{"start":{"line":4,"column":33},"end":{"line":4,"column":0}},"2":{"start":{"line":5,"column":6},"end":{"line":5,"column":18}},"3":{"start":{"line":7,"column":2},"end":{"line":7,"column":1}},"4":{"start":{"line":8,"column":4},"end":{"line":8,"column":11}},"5":{"start":{"line":12,"column":31},"end":{"line":12,"column":0}},"6":{"start":{"line":13,"column":6},"end":{"line":13,"column":22}},"7":{"start":{"line":15,"column":2},"end":{"line":15,"column":43}},"8":{"start":{"line":15,"column":43},"end":{"line":15,"column":43}},"9":{"start":{"line":18,"column":26},"end":{"line":18,"column":0}},"10":{"start":{"line":19,"column":2},"end":{"line":19,"column":1}},"11":{"start":{"line":22,"column":20},"end":{"line":22,"column":0}},"12":{"start":{"line":23,"column":6},"end":{"line":23,"column":21}},"13":{"start":{"line":25,"column":2},"end":{"line":29,"column":3}},"14":{"start":{"line":26,"column":4},"end":{"line":26,"column":3}},"15":{"start":{"line":28,"column":4},"end":{"line":28,"column":3}}},"fnMap":{"0":{"name":"(anonymous_0)","decl":{"start":{"line":4,"column":33},"end":{"line":4,"column":34}},"loc":{"start":{"line":4,"column":53},"end":{"line":4,"column":0}}},"1":{"name":"(anonymous_1)","decl":{"start":{"line":7,"column":25},"end":{"line":7,"column":23}},"loc":{"start":{"line":7,"column":39},"end":{"line":7,"column":9}}},"2":{"name":"(anonymous_2)","decl":{"start":{"line":12,"column":31},"end":{"line":12,"column":32}},"loc":{"start":{"line":12,"column":51},"end":{"line":12,"column":0}}},"3":{"name":"(anonymous_3)","decl":{"start":{"line":15,"column":32},"end":{"line":15,"column":30}},"loc":{"start":{"line":15,"column":43},"end":{"line":15,"column":43}}},"4":{"name":"(anonymous_4)","decl":{"start":{"line":18,"column":26},"end":{"line":18,"column":27}},"loc":{"start":{"line":18,"column":46},"end":{"line":18,"column":0}}},"5":{"name":"(anonymous_5)","decl":{"start":{"line":22,"column":20},"end":{"line":22,"column":21}},"loc":{"start":{"line":22,"column":40},"end":{"line":22,"column":0}}}},"branchMap":{"0":{"loc":{"start":{"line":8,"column":11},"end":{"line":8,"column":41}},"type":"cond-expr","locations":[{"start":{"line":8,"column":11},"end":{"line":8,"column":41}},{"start":{"line":8,"column":11},"end":{"line":8,"column":41}}]},"1":{"loc":{"start":{"line":25,"column":2},"end":{"line":29,"column":3}},"type":"if","locations":[{"start":{"line":25,"column":2},"end":{"line":29,"column":3}},{"start":{"line":25,"column":2},"end":{"line":29,"column":3}}]}},"s":{"0":2,"1":2,"2":6,"3":6,"4":34,"5":2,"6":5,"7":5,"8":19,"9":2,"10":2,"11":2,"12":5,"13":5,"14":1,"15":4},"f":{"0":6,"1":34,"2":5,"3":19,"4":2,"5":5},"b":{"0":[16,18],"1":[1,4]}}
,"/frontend/src/components/store/WordStore.js": {"path":"/frontend/src/components/store/WordStore.js","statementMap":{"0":{"start":{"line":14,"column":6},"end":{"line":14,"column":15}},"1":{"start":{"line":14,"column":15},"end":{"line":14,"column":16}},"2":{"start":{"line":18,"column":6},"end":{"line":18,"column":5}},"3":{"start":{"line":19,"column":6},"end":{"line":19,"column":5}},"4":{"start":{"line":23,"column":6},"end":{"line":23,"column":5}},"5":{"start":{"line":24,"column":8},"end":{"line":null,"column":-1}},"6":{"start":{"line":27,"column":6},"end":{"line":27,"column":5}},"7":{"start":{"line":28,"column":8},"end":{"line":null,"column":-1}},"8":{"start":{"line":35,"column":6},"end":{"line":35,"column":5}},"9":{"start":{"line":36,"column":8},"end":{"line":36,"column":7}},"10":{"start":{"line":41,"column":6},"end":{"line":41,"column":5}},"11":{"start":{"line":45,"column":6},"end":{"line":45,"column":13}},"12":{"start":{"line":49,"column":6},"end":{"line":49,"column":5}},"13":{"start":{"line":53,"column":6},"end":{"line":53,"column":13}},"14":{"start":{"line":59,"column":6},"end":{"line":59,"column":31}},"15":{"start":{"line":60,"column":6},"end":{"line":null,"column":-1}}},"fnMap":{"0":{"name":"(anonymous_0)","decl":{"start":{"line":35,"column":14},"end":{"line":35,"column":12}},"loc":{"start":{"line":35,"column":25},"end":{"line":35,"column":6}}}},"branchMap":{"0":{"loc":{"start":{"line":14,"column":6},"end":{"line":14,"column":15}},"type":"if","locations":[{"start":{"line":14,"column":6},"end":{"line":14,"column":15}},{"start":{"line":14,"column":6},"end":{"line":14,"column":15}}]},"1":{"loc":{"start":{"line":23,"column":6},"end":{"line":23,"column":5}},"type":"if","locations":[{"start":{"line":23,"column":6},"end":{"line":23,"column":5}},{"start":{"line":23,"column":6},"end":{"line":23,"column":5}}]},"2":{"loc":{"start":{"line":27,"column":6},"end":{"line":27,"column":5}},"type":"if","locations":[{"start":{"line":27,"column":6},"end":{"line":27,"column":5}},{"start":{"line":27,"column":6},"end":{"line":27,"column":5}}]}},"s":{"0":2,"1":1,"2":2,"3":2,"4":5,"5":4,"6":5,"7":4,"8":2,"9":2,"10":1,"11":1,"12":2,"13":1,"14":2,"15":2},"f":{"0":2},"b":{"0":[1,1],"1":[4,1],"2":[4,1]}}
}
