TN:
SF:/frontend/src/App.vue
FN:1,(anonymous_0)
FN:20,render
FNF:2
FNH:0
FNDA:0,(anonymous_0)
FNDA:0,render
DA:1,0
DA:4,0
DA:14,0
DA:18,0
DA:19,0
DA:20,0
DA:21,0
LF:7
LH:0
BRDA:18,0,0,0
BRDA:18,0,1,0
BRDA:19,1,0,0
BRDA:19,1,1,0
BRDA:20,2,0,0
BRDA:20,2,1,0
BRF:6
BRH:0
end_of_record
TN:
SF:/frontend/src/components/Game.vue
FN:1,(anonymous_0)
FN:20,_interopRequireDefault
FN:30,(anonymous_2)
FN:34,(anonymous_3)
FN:38,(anonymous_4)
FN:56,render
FN:57,render
FNF:7
FNH:0
FNDA:0,(anonymous_0)
FNDA:0,_interopRequireDefault
FNDA:0,(anonymous_2)
FNDA:0,(anonymous_3)
FNDA:0,(anonymous_4)
FNDA:0,render
FNDA:0,render
DA:1,0
DA:4,0
DA:8,0
DA:10,0
DA:12,0
DA:14,0
DA:16,0
DA:18,0
DA:20,0
DA:22,0
DA:31,0
DA:35,0
DA:39,0
DA:54,0
DA:55,0
DA:56,0
DA:57,0
LF:17
LH:0
BRDA:20,0,0,0
BRDA:20,0,1,0
BRDA:20,1,0,0
BRDA:20,1,1,0
BRDA:54,2,0,0
BRDA:54,2,1,0
BRDA:55,3,0,0
BRDA:55,3,1,0
BRDA:56,4,0,0
BRDA:56,4,1,0
BRDA:56,5,0,0
BRDA:56,5,1,0
BRDA:57,6,0,0
BRDA:57,6,1,0
BRF:14
BRH:0
end_of_record
TN:
SF:/frontend/src/components/GameOver.vue
FN:37,(anonymous_2)
FNF:1
FNH:1
FNDA:1,(anonymous_2)
DA:29,1
DA:38,1
LF:2
LH:2
BRF:0
BRH:0
end_of_record
TN:
SF:/frontend/src/components/Hangman.vue
FN:1,(anonymous_0)
FN:16,_interopRequireDefault
FN:42,(anonymous_2)
FN:46,(anonymous_3)
FN:53,render
FN:53,(anonymous_5)
FNF:6
FNH:0
FNDA:0,(anonymous_0)
FNDA:0,_interopRequireDefault
FNDA:0,(anonymous_2)
FNDA:0,(anonymous_3)
FNDA:0,render
FNDA:0,(anonymous_5)
DA:1,0
DA:4,0
DA:8,0
DA:10,0
DA:12,0
DA:14,0
DA:16,0
DA:35,0
DA:43,0
DA:44,0
DA:46,0
DA:51,0
DA:52,0
DA:53,0
DA:54,0
LF:15
LH:0
BRDA:16,0,0,0
BRDA:16,0,1,0
BRDA:16,1,0,0
BRDA:16,1,1,0
BRDA:51,2,0,0
BRDA:51,2,1,0
BRDA:52,3,0,0
BRDA:52,3,1,0
BRDA:53,4,0,0
BRDA:53,4,1,0
BRF:10
BRH:0
end_of_record
TN:
SF:/frontend/src/components/Home.vue
FN:1,(anonymous_0)
FN:23,render
FN:24,render
FNF:3
FNH:0
FNDA:0,(anonymous_0)
FNDA:0,render
FNDA:0,render
DA:1,0
DA:21,0
DA:22,0
DA:23,0
DA:24,0
LF:5
LH:0
BRDA:21,0,0,0
BRDA:21,0,1,0
BRDA:22,1,0,0
BRDA:22,1,1,0
BRDA:23,2,0,0
BRDA:23,2,1,0
BRDA:24,3,0,0
BRDA:24,3,1,0
BRF:8
BRH:0
end_of_record
TN:
SF:/frontend/src/components/Letter.vue
FNF:0
FNH:0
DA:18,2
DA:22,2
DA:24,2
DA:29,8
LF:4
LH:4
BRDA:29,0,0,1
BRDA:29,0,1,7
BRF:2
BRH:2
end_of_record
TN:
SF:/frontend/src/components/WonGame.vue
FN:1,(anonymous_0)
FN:12,_interopRequireDefault
FN:20,(anonymous_2)
FN:54,render
FNF:4
FNH:0
FNDA:0,(anonymous_0)
FNDA:0,_interopRequireDefault
FNDA:0,(anonymous_2)
FNDA:0,render
DA:1,0
DA:4,0
DA:8,0
DA:10,0
DA:12,0
DA:14,0
DA:21,0
DA:52,0
DA:53,0
DA:54,0
DA:55,0
LF:11
LH:0
BRDA:12,0,0,0
BRDA:12,0,1,0
BRDA:12,1,0,0
BRDA:12,1,1,0
BRDA:52,2,0,0
BRDA:52,2,1,0
BRDA:53,3,0,0
BRDA:53,3,1,0
BRDA:54,4,0,0
BRDA:54,4,1,0
BRF:10
BRH:0
end_of_record
TN:
SF:/frontend/src/components/Word.vue
FNF:0
FNH:0
DA:11,1
LF:1
LH:1
BRF:0
BRH:0
end_of_record
TN:
SF:/frontend/src/components/adapters/WordRequester.js
FN:1533,(anonymous_0)
FNF:1
FNH:1
FNDA:2,(anonymous_0)
DA:3,1
DA:1533,1
DA:1534,2
LF:3
LH:3
BRF:0
BRH:0
end_of_record
TN:
SF:/frontend/src/components/game/Core.js
FN:4,(anonymous_0)
FN:7,(anonymous_1)
FN:12,(anonymous_2)
FN:15,(anonymous_3)
FN:18,(anonymous_4)
FN:22,(anonymous_5)
FNF:6
FNH:6
FNDA:6,(anonymous_0)
FNDA:34,(anonymous_1)
FNDA:5,(anonymous_2)
FNDA:19,(anonymous_3)
FNDA:2,(anonymous_4)
FNDA:5,(anonymous_5)
DA:2,2
DA:4,2
DA:5,6
DA:7,6
DA:8,34
DA:12,2
DA:13,5
DA:15,19
DA:18,2
DA:19,2
DA:22,2
DA:23,5
DA:25,5
DA:26,1
DA:28,4
LF:15
LH:15
BRDA:8,0,0,16
BRDA:8,0,1,18
BRDA:25,1,0,1
BRDA:25,1,1,4
BRF:4
BRH:4
end_of_record
TN:
SF:/frontend/src/components/store/WordStore.js
FN:35,(anonymous_0)
FNF:1
FNH:1
FNDA:2,(anonymous_0)
DA:14,2
DA:18,2
DA:19,2
DA:23,5
DA:24,4
DA:27,5
DA:28,4
DA:35,2
DA:36,2
DA:41,1
DA:45,1
DA:49,2
DA:53,1
DA:59,2
DA:60,2
LF:15
LH:15
BRDA:14,0,0,1
BRDA:14,0,1,1
BRDA:23,1,0,4
BRDA:23,1,1,1
BRDA:27,2,0,4
BRDA:27,2,1,1
BRF:6
BRH:6
end_of_record
